num dyn ip reg bit left right result
0 4 4196255 3 -2 0 4 3
1 13 4196288 3 -2 11 13 1
2 16 4196299 3 -2 15 16 2
3 28 4196345 3 -2 26 28 1
4 30 4196353 3 -2 29 30 4
5 32 4196359 3 -2 32 32 1
6 45 4196401 3 -2 43 45 1
7 55 4196436 3 -2 53 55 1
8 67 4196345 3 -2 65 67 1
9 69 4196353 3 -2 68 69 4
10 71 4196359 3 -2 71 71 1
11 84 4196401 3 -2 82 84 1
12 94 4196436 3 -2 92 94 1
13 106 4196345 3 -2 104 106 1
14 108 4196353 3 -2 107 108 4
15 110 4196359 3 -2 110 110 1
16 123 4196401 3 -2 121 123 1
17 133 4196436 3 -2 131 133 1
18 145 4196345 3 -2 143 145 1
19 147 4196353 3 -2 146 147 4
20 149 4196359 3 -2 149 149 1
21 162 4196401 3 -2 160 162 1
22 172 4196436 3 -2 170 172 1
23 184 4196345 3 -2 182 184 1
24 186 4196353 3 -2 185 186 4
25 188 4196359 3 -2 188 188 1
26 201 4196401 3 -2 199 201 1
27 211 4196436 3 -2 209 211 1
28 223 4196345 3 -2 221 223 1
29 225 4196353 3 -2 224 225 4
30 227 4196359 3 -2 227 227 1
31 240 4196401 3 -2 238 240 1
32 250 4196436 3 -2 248 250 1
33 262 4196345 3 -2 260 262 1
34 264 4196353 3 -2 263 264 4
35 266 4196359 3 -2 266 266 1
36 274 4196463 3 -2 272 274 2
37 277 4196472 3 -2 276 277 1
38 281 4196486 3 -2 279 281 2
39 284 4196499 3 -2 283 284 2
40 5 4196258 4 -2 0 5 2
41 8 4196270 4 -2 7 8 2
42 10 4196278 4 -2 9 10 1
43 11 4196281 4 -2 11 11 2
44 13 4196288 4 -2 13 13 1
45 16 4196299 4 -2 14 16 3
46 26 4196339 4 -2 24 26 1
47 32 4196359 4 -2 30 32 1
48 41 4196391 4 -2 40 41 1
49 45 4196401 4 -2 44 45 1
50 55 4196436 4 -2 54 55 1
51 65 4196339 4 -2 63 65 1
52 71 4196359 4 -2 69 71 1
53 80 4196391 4 -2 79 80 1
54 84 4196401 4 -2 83 84 1
55 94 4196436 4 -2 93 94 1
56 104 4196339 4 -2 102 104 1
57 110 4196359 4 -2 108 110 1
58 119 4196391 4 -2 118 119 1
59 123 4196401 4 -2 122 123 1
60 133 4196436 4 -2 132 133 1
61 143 4196339 4 -2 141 143 1
62 149 4196359 4 -2 147 149 1
63 158 4196391 4 -2 157 158 1
64 162 4196401 4 -2 161 162 1
65 172 4196436 4 -2 171 172 1
66 182 4196339 4 -2 180 182 1
67 188 4196359 4 -2 186 188 1
68 197 4196391 4 -2 196 197 1
69 201 4196401 4 -2 200 201 1
70 211 4196436 4 -2 210 211 1
71 221 4196339 4 -2 219 221 1
72 227 4196359 4 -2 225 227 1
73 236 4196391 4 -2 235 236 1
74 240 4196401 4 -2 239 240 1
75 250 4196436 4 -2 249 250 1
76 260 4196339 4 -2 258 260 3
77 266 4196359 4 -2 264 266 1
78 277 4196472 4 -2 274 277 1
79 281 4196486 4 -2 280 281 4
80 284 4196499 4 -2 282 284 3
81 24 4196333 8 -2 23 24 1
82 40 4196388 8 -2 39 40 1
83 63 4196333 8 -2 62 63 1
84 79 4196388 8 -2 78 79 1
85 102 4196333 8 -2 101 102 1
86 118 4196388 8 -2 117 118 1
87 141 4196333 8 -2 140 141 1
88 157 4196388 8 -2 156 157 1
89 180 4196333 8 -2 179 180 1
90 196 4196388 8 -2 195 196 1
91 219 4196333 8 -2 218 219 1
92 235 4196388 8 -2 234 235 1
93 258 4196333 8 -2 257 258 3
94 26 4196339 9 -2 22 26 3
95 41 4196391 9 -2 38 41 1
96 43 4196396 9 -2 42 43 1
97 51 4196423 9 -2 50 51 1
98 53 4196431 9 -2 52 53 1
99 65 4196339 9 -2 61 65 3
100 80 4196391 9 -2 77 80 1
101 82 4196396 9 -2 81 82 1
102 90 4196423 9 -2 89 90 1
103 92 4196431 9 -2 91 92 1
104 104 4196339 9 -2 100 104 3
105 119 4196391 9 -2 116 119 1
106 121 4196396 9 -2 120 121 1
107 129 4196423 9 -2 128 129 1
108 131 4196431 9 -2 130 131 1
109 143 4196339 9 -2 139 143 3
110 158 4196391 9 -2 155 158 1
111 160 4196396 9 -2 159 160 1
112 168 4196423 9 -2 167 168 1
113 170 4196431 9 -2 169 170 1
114 182 4196339 9 -2 178 182 3
115 197 4196391 9 -2 194 197 1
116 199 4196396 9 -2 198 199 1
117 207 4196423 9 -2 206 207 1
118 209 4196431 9 -2 208 209 1
119 221 4196339 9 -2 217 221 3
120 236 4196391 9 -2 233 236 1
121 238 4196396 9 -2 237 238 1
122 246 4196423 9 -2 245 246 1
123 248 4196431 9 -2 247 248 1
124 260 4196339 9 -2 256 260 1
125 9 4196274 10 -2 8 9 2
126 12 4196285 10 -2 10 12 1
127 17 4196304 10 -2 16 17 4
128 24 4196333 10 -2 21 24 3
129 31 4196357 10 -2 29 31 1
130 40 4196388 10 -2 37 40 1
131 42 4196394 10 -2 41 42 1
132 44 4196398 10 -2 43 44 4
133 47 4196409 10 -2 47 47 4
134 50 4196418 10 -2 49 50 1
135 52 4196429 10 -2 51 52 1
136 54 4196433 10 -2 53 54 4
137 57 4196444 10 -2 57 57 4
138 63 4196333 10 -2 60 63 3
139 70 4196357 10 -2 68 70 1
140 79 4196388 10 -2 76 79 1
141 81 4196394 10 -2 80 81 1
142 83 4196398 10 -2 82 83 4
143 86 4196409 10 -2 86 86 4
144 89 4196418 10 -2 88 89 1
145 91 4196429 10 -2 90 91 1
146 93 4196433 10 -2 92 93 4
147 96 4196444 10 -2 96 96 4
148 102 4196333 10 -2 99 102 3
149 109 4196357 10 -2 107 109 1
150 118 4196388 10 -2 115 118 1
151 120 4196394 10 -2 119 120 1
152 122 4196398 10 -2 121 122 4
153 125 4196409 10 -2 125 125 4
154 128 4196418 10 -2 127 128 1
155 130 4196429 10 -2 129 130 1
156 132 4196433 10 -2 131 132 4
157 135 4196444 10 -2 135 135 4
158 141 4196333 10 -2 138 141 3
159 148 4196357 10 -2 146 148 1
160 157 4196388 10 -2 154 157 1
161 159 4196394 10 -2 158 159 1
162 161 4196398 10 -2 160 161 4
163 164 4196409 10 -2 164 164 4
164 167 4196418 10 -2 166 167 1
165 169 4196429 10 -2 168 169 1
166 171 4196433 10 -2 170 171 4
167 174 4196444 10 -2 174 174 4
168 180 4196333 10 -2 177 180 3
169 187 4196357 10 -2 185 187 1
170 196 4196388 10 -2 193 196 1
171 198 4196394 10 -2 197 198 1
172 200 4196398 10 -2 199 200 4
173 203 4196409 10 -2 203 203 4
174 206 4196418 10 -2 205 206 1
175 208 4196429 10 -2 207 208 1
176 210 4196433 10 -2 209 210 4
177 213 4196444 10 -2 213 213 4
178 219 4196333 10 -2 216 219 3
179 226 4196357 10 -2 224 226 1
180 235 4196388 10 -2 232 235 1
181 237 4196394 10 -2 236 237 1
182 239 4196398 10 -2 238 239 4
183 242 4196409 10 -2 242 242 4
184 245 4196418 10 -2 244 245 1
185 247 4196429 10 -2 246 247 1
186 249 4196433 10 -2 248 249 4
187 252 4196444 10 -2 252 252 4
188 258 4196333 10 -2 255 258 1
189 265 4196357 10 -2 263 265 1
190 275 4196467 10 -2 273 275 1
191 276 4196469 10 -2 276 276 4
192 283 4196496 10 -2 281 283 3
193 29 4196349 11 -2 28 29 1
194 34 4196368 11 -2 34 34 4
195 68 4196349 11 -2 67 68 1
196 73 4196368 11 -2 73 73 4
197 107 4196349 11 -2 106 107 1
198 112 4196368 11 -2 112 112 4
199 146 4196349 11 -2 145 146 1
200 151 4196368 11 -2 151 151 4
201 185 4196349 11 -2 184 185 1
202 190 4196368 11 -2 190 190 4
203 224 4196349 11 -2 223 224 1
204 229 4196368 11 -2 229 229 4
205 263 4196349 11 -2 262 263 1
206 268 4196368 11 -2 268 268 4
207 25 4196335 25 -2 25 25 2
208 27 4196341 25 -2 27 27 2
209 35 4196372 25 -2 35 35 2
210 64 4196335 25 -2 64 64 2
211 66 4196341 25 -2 66 66 2
212 74 4196372 25 -2 74 74 2
213 103 4196335 25 -2 103 103 2
214 105 4196341 25 -2 105 105 2
215 113 4196372 25 -2 113 113 2
216 142 4196335 25 -2 142 142 2
217 144 4196341 25 -2 144 144 2
218 152 4196372 25 -2 152 152 2
219 181 4196335 25 -2 181 181 2
220 183 4196341 25 -2 183 183 2
221 191 4196372 25 -2 191 191 2
222 220 4196335 25 -2 220 220 2
223 222 4196341 25 -2 222 222 2
224 230 4196372 25 -2 230 230 2
225 259 4196335 25 -2 259 259 2
226 261 4196341 25 -2 261 261 2
227 269 4196372 25 -2 269 269 2
